*** Using Compiler 'V5.06 update 5 (build 528)', folder: 'D:\STM32\Keil5 C51\ARM\ARMCC\Bin'
Rebuild target 'Target 1'
compiling core_cm3.c...
assembling startup_stm32f10x_md.s...
compiling stm32f10x_bkp.c...
compiling misc.c...
compiling system_stm32f10x.c...
compiling stm32f10x_can.c...
compiling stm32f10x_adc.c...
compiling stm32f10x_crc.c...
compiling stm32f10x_cec.c...
compiling stm32f10x_dac.c...
compiling stm32f10x_dbgmcu.c...
compiling stm32f10x_exti.c...
compiling stm32f10x_dma.c...
compiling stm32f10x_flash.c...
compiling stm32f10x_gpio.c...
compiling stm32f10x_fsmc.c...
compiling stm32f10x_i2c.c...
compiling stm32f10x_iwdg.c...
compiling stm32f10x_pwr.c...
compiling stm32f10x_rtc.c...
compiling stm32f10x_rcc.c...
compiling stm32f10x_spi.c...
compiling stm32f10x_sdio.c...
compiling stm32f10x_usart.c...
compiling stm32f10x_tim.c...
compiling stm32f10x_wwdg.c...
compiling LED.c...
Hardware\LED.c(57): warning:  #1-D: last line of file ends without a newline
  }
Hardware\LED.c: 1 warning, 0 errors
compiling Key.c...
compiling OLED.c...
compiling Serial.c...
Hardware\Sundries.h(34): warning:  #1-D: last line of file ends without a newline
  #endif
Hardware\Serial.c(202): warning:  #1-D: last line of file ends without a newline
  }
Hardware\Serial.c: 2 warnings, 0 errors
compiling PWM.c...
compiling Servo.c...
Hardware\Servo.c(22): warning:  #1-D: last line of file ends without a newline
  }
Hardware\Servo.c: 1 warning, 0 errors
compiling Sundries.c...
Hardware\Sundries.h(34): warning:  #1-D: last line of file ends without a newline
  #endif
Hardware\Sundries.c(127): warning:  #1-D: last line of file ends without a newline
  }
Hardware\Sundries.c: 2 warnings, 0 errors
compiling Delay.c...
compiling main.c...
.\Hardware\Sundries.h(34): warning:  #1-D: last line of file ends without a newline
  #endif
User\main.c(56): warning:  #1-D: last line of file ends without a newline
  }
User\main.c: 2 warnings, 0 errors
compiling stm32f10x_it.c...
linking...
Program Size: Code=5080 RO-data=1788 RW-data=72 ZI-data=1024  
".\Objects\Project.axf" - 0 Error(s), 8 Warning(s).
Build Time Elapsed:  00:00:02
