*** Using Compiler 'V5.06 update 5 (build 528)', folder: 'D:\STM32\Keil5 C51\ARM\ARMCC\Bin'
Rebuild target 'Target 1'
assembling startup_stm32f10x_md.s...
compiling core_cm3.c...
compiling misc.c...
compiling system_stm32f10x.c...
compiling stm32f10x_adc.c...
compiling stm32f10x_bkp.c...
compiling stm32f10x_can.c...
compiling stm32f10x_cec.c...
compiling stm32f10x_crc.c...
compiling stm32f10x_dac.c...
compiling stm32f10x_dbgmcu.c...
compiling stm32f10x_exti.c...
compiling stm32f10x_dma.c...
compiling stm32f10x_flash.c...
compiling stm32f10x_fsmc.c...
compiling stm32f10x_gpio.c...
compiling stm32f10x_i2c.c...
compiling stm32f10x_iwdg.c...
compiling stm32f10x_pwr.c...
compiling stm32f10x_rtc.c...
compiling stm32f10x_rcc.c...
compiling stm32f10x_sdio.c...
compiling stm32f10x_spi.c...
compiling stm32f10x_tim.c...
compiling stm32f10x_usart.c...
compiling stm32f10x_wwdg.c...
compiling LED.c...
Hardware\LED.c(57): warning:  #1-D: last line of file ends without a newline
  }
Hardware\LED.c: 1 warning, 0 errors
compiling Key.c...
Hardware\Key.c(48): warning:  #1-D: last line of file ends without a newline
  }
Hardware\Key.c: 1 warning, 0 errors
compiling OLED.c...
compiling Serial.c...
Hardware\Serial.c(213): warning:  #1-D: last line of file ends without a newline
  }
Hardware\Serial.c: 1 warning, 0 errors
compiling Sundries.c...
Hardware\Sundries.h(43): warning:  #1295-D: Deprecated declaration Bluetooth_Send_DualAngle - give arg types
  void Bluetooth_Send_DualAngle();  // 通过蓝牙发送双角度数据
Hardware\Sundries.h(45): warning:  #1-D: last line of file ends without a newline
  #endif
Hardware\Sundries.c(33): warning:  #1-D: last line of file ends without a newline
  }
Hardware\Sundries.c: 3 warnings, 0 errors
compiling MyI2C.c...
Hardware\MyI2C.c(134): warning:  #1-D: last line of file ends without a newline
  }
Hardware\MyI2C.c: 1 warning, 0 errors
compiling MPU6050.c...
Hardware\MPU6050.c(120): warning:  #1-D: last line of file ends without a newline
  }
Hardware\MPU6050.c: 1 warning, 0 errors
compiling Delay.c...
compiling stm32f10x_it.c...
compiling main.c...
.\Hardware\Sundries.h(43): warning:  #1295-D: Deprecated declaration Bluetooth_Send_DualAngle - give arg types
  void Bluetooth_Send_DualAngle();  // 通过蓝牙发送双角度数据
.\Hardware\Sundries.h(45): warning:  #1-D: last line of file ends without a newline
  #endif
User\main.c(119): warning:  #1-D: last line of file ends without a newline
  }
User\main.c: 3 warnings, 0 errors
linking...
Program Size: Code=7692 RO-data=1940 RW-data=80 ZI-data=1024  
".\Objects\Project.axf" - 0 Error(s), 11 Warning(s).
Build Time Elapsed:  00:00:02
